ERROR - 2024-06-25 03:31:13 --> Error connecting to the database: mysqli_sql_exception: No connection could be made because the target machine actively refused it in D:\laragon\www\ci-berita-22112010\system\Database\MySQLi\Connection.php:187
Stack trace:
#0 D:\laragon\www\ci-berita-22112010\system\Database\MySQLi\Connection.php(187): mysqli->real_connect('localhost', 'root', '', 'db_news', 3306, '', 0)
#1 D:\laragon\www\ci-berita-22112010\system\Database\BaseConnection.php(421): CodeIgniter\Database\MySQLi\Connection->connect(false)
#2 D:\laragon\www\ci-berita-22112010\system\Database\BaseConnection.php(614): CodeIgniter\Database\BaseConnection->initialize()
#3 D:\laragon\www\ci-berita-22112010\system\Database\BaseBuilder.php(1637): CodeIgniter\Database\BaseConnection->query('SELECT *\nFROM `...', Array, false)
#4 D:\laragon\www\ci-berita-22112010\system\Model.php(286): CodeIgniter\Database\BaseBuilder->get()
#5 D:\laragon\www\ci-berita-22112010\system\BaseModel.php(676): CodeIgniter\Model->doFindAll(0, 0)
#6 D:\laragon\www\ci-berita-22112010\app\Controllers\Berita.php(14): CodeIgniter\BaseModel->findAll()
#7 D:\laragon\www\ci-berita-22112010\system\CodeIgniter.php(933): App\Controllers\Berita->index()
#8 D:\laragon\www\ci-berita-22112010\system\CodeIgniter.php(509): CodeIgniter\CodeIgniter->runController(Object(App\Controllers\Berita))
#9 D:\laragon\www\ci-berita-22112010\system\CodeIgniter.php(355): CodeIgniter\CodeIgniter->handleRequest(NULL, Object(Config\Cache), false)
#10 D:\laragon\www\ci-berita-22112010\system\Boot.php(325): CodeIgniter\CodeIgniter->run()
#11 D:\laragon\www\ci-berita-22112010\system\Boot.php(67): CodeIgniter\Boot::runCodeIgniter(Object(CodeIgniter\CodeIgniter))
#12 D:\laragon\www\ci-berita-22112010\public\index.php(56): CodeIgniter\Boot::bootWeb(Object(Config\Paths))
#13 D:\laragon\www\ci-berita-22112010\system\Commands\Server\rewrite.php(49): require_once('D:\\laragon\\www\\...')
#14 {main}

Next CodeIgniter\Database\Exceptions\DatabaseException: No connection could be made because the target machine actively refused it in D:\laragon\www\ci-berita-22112010\system\Database\MySQLi\Connection.php:231
Stack trace:
#0 D:\laragon\www\ci-berita-22112010\system\Database\BaseConnection.php(421): CodeIgniter\Database\MySQLi\Connection->connect(false)
#1 D:\laragon\www\ci-berita-22112010\system\Database\BaseConnection.php(614): CodeIgniter\Database\BaseConnection->initialize()
#2 D:\laragon\www\ci-berita-22112010\system\Database\BaseBuilder.php(1637): CodeIgniter\Database\BaseConnection->query('SELECT *\nFROM `...', Array, false)
#3 D:\laragon\www\ci-berita-22112010\system\Model.php(286): CodeIgniter\Database\BaseBuilder->get()
#4 D:\laragon\www\ci-berita-22112010\system\BaseModel.php(676): CodeIgniter\Model->doFindAll(0, 0)
#5 D:\laragon\www\ci-berita-22112010\app\Controllers\Berita.php(14): CodeIgniter\BaseModel->findAll()
#6 D:\laragon\www\ci-berita-22112010\system\CodeIgniter.php(933): App\Controllers\Berita->index()
#7 D:\laragon\www\ci-berita-22112010\system\CodeIgniter.php(509): CodeIgniter\CodeIgniter->runController(Object(App\Controllers\Berita))
#8 D:\laragon\www\ci-berita-22112010\system\CodeIgniter.php(355): CodeIgniter\CodeIgniter->handleRequest(NULL, Object(Config\Cache), false)
#9 D:\laragon\www\ci-berita-22112010\system\Boot.php(325): CodeIgniter\CodeIgniter->run()
#10 D:\laragon\www\ci-berita-22112010\system\Boot.php(67): CodeIgniter\Boot::runCodeIgniter(Object(CodeIgniter\CodeIgniter))
#11 D:\laragon\www\ci-berita-22112010\public\index.php(56): CodeIgniter\Boot::bootWeb(Object(Config\Paths))
#12 D:\laragon\www\ci-berita-22112010\system\Commands\Server\rewrite.php(49): require_once('D:\\laragon\\www\\...')
#13 {main}
CRITICAL - 2024-06-25 03:31:13 --> CodeIgniter\Database\Exceptions\DatabaseException: Unable to connect to the database.
Main connection [MySQLi]: No connection could be made because the target machine actively refused it
[Method: GET, Route: /]
in SYSTEMPATH\Database\BaseConnection.php on line 467.
 1 SYSTEMPATH\Database\BaseConnection.php(614): CodeIgniter\Database\BaseConnection->initialize()
 2 SYSTEMPATH\Database\BaseBuilder.php(1637): CodeIgniter\Database\BaseConnection->query('SELECT *
FROM `posting`', [], false)
 3 SYSTEMPATH\Model.php(286): CodeIgniter\Database\BaseBuilder->get()
 4 SYSTEMPATH\BaseModel.php(676): CodeIgniter\Model->doFindAll(0, 0)
 5 APPPATH\Controllers\Berita.php(14): CodeIgniter\BaseModel->findAll()
 6 SYSTEMPATH\CodeIgniter.php(933): App\Controllers\Berita->index()
 7 SYSTEMPATH\CodeIgniter.php(509): CodeIgniter\CodeIgniter->runController(Object(App\Controllers\Berita))
 8 SYSTEMPATH\CodeIgniter.php(355): CodeIgniter\CodeIgniter->handleRequest(null, Object(Config\Cache), false)
 9 SYSTEMPATH\Boot.php(325): CodeIgniter\CodeIgniter->run()
10 SYSTEMPATH\Boot.php(67): CodeIgniter\Boot::runCodeIgniter(Object(CodeIgniter\CodeIgniter))
11 FCPATH\index.php(56): CodeIgniter\Boot::bootWeb(Object(Config\Paths))
12 SYSTEMPATH\Commands\Server\rewrite.php(49): require_once('D:\\laragon\\www\\ci-berita-22112010\\public\\index.php')
ERROR - 2024-06-25 03:44:47 --> Error connecting to the database: mysqli_sql_exception: No connection could be made because the target machine actively refused it in D:\laragon\www\ci-berita-22112010\system\Database\MySQLi\Connection.php:187
Stack trace:
#0 D:\laragon\www\ci-berita-22112010\system\Database\MySQLi\Connection.php(187): mysqli->real_connect('localhost', 'root', '', 'db_news', 3306, '', 0)
#1 D:\laragon\www\ci-berita-22112010\system\Database\BaseConnection.php(421): CodeIgniter\Database\MySQLi\Connection->connect(false)
#2 D:\laragon\www\ci-berita-22112010\system\Database\BaseConnection.php(614): CodeIgniter\Database\BaseConnection->initialize()
#3 D:\laragon\www\ci-berita-22112010\system\Database\BaseBuilder.php(1637): CodeIgniter\Database\BaseConnection->query('SELECT *\nFROM `...', Array, false)
#4 D:\laragon\www\ci-berita-22112010\system\Model.php(286): CodeIgniter\Database\BaseBuilder->get()
#5 D:\laragon\www\ci-berita-22112010\system\BaseModel.php(676): CodeIgniter\Model->doFindAll(0, 0)
#6 D:\laragon\www\ci-berita-22112010\app\Controllers\Berita.php(14): CodeIgniter\BaseModel->findAll()
#7 D:\laragon\www\ci-berita-22112010\system\CodeIgniter.php(933): App\Controllers\Berita->index()
#8 D:\laragon\www\ci-berita-22112010\system\CodeIgniter.php(509): CodeIgniter\CodeIgniter->runController(Object(App\Controllers\Berita))
#9 D:\laragon\www\ci-berita-22112010\system\CodeIgniter.php(355): CodeIgniter\CodeIgniter->handleRequest(NULL, Object(Config\Cache), false)
#10 D:\laragon\www\ci-berita-22112010\system\Boot.php(325): CodeIgniter\CodeIgniter->run()
#11 D:\laragon\www\ci-berita-22112010\system\Boot.php(67): CodeIgniter\Boot::runCodeIgniter(Object(CodeIgniter\CodeIgniter))
#12 D:\laragon\www\ci-berita-22112010\public\index.php(56): CodeIgniter\Boot::bootWeb(Object(Config\Paths))
#13 D:\laragon\www\ci-berita-22112010\system\Commands\Server\rewrite.php(49): require_once('D:\\laragon\\www\\...')
#14 {main}

Next CodeIgniter\Database\Exceptions\DatabaseException: No connection could be made because the target machine actively refused it in D:\laragon\www\ci-berita-22112010\system\Database\MySQLi\Connection.php:231
Stack trace:
#0 D:\laragon\www\ci-berita-22112010\system\Database\BaseConnection.php(421): CodeIgniter\Database\MySQLi\Connection->connect(false)
#1 D:\laragon\www\ci-berita-22112010\system\Database\BaseConnection.php(614): CodeIgniter\Database\BaseConnection->initialize()
#2 D:\laragon\www\ci-berita-22112010\system\Database\BaseBuilder.php(1637): CodeIgniter\Database\BaseConnection->query('SELECT *\nFROM `...', Array, false)
#3 D:\laragon\www\ci-berita-22112010\system\Model.php(286): CodeIgniter\Database\BaseBuilder->get()
#4 D:\laragon\www\ci-berita-22112010\system\BaseModel.php(676): CodeIgniter\Model->doFindAll(0, 0)
#5 D:\laragon\www\ci-berita-22112010\app\Controllers\Berita.php(14): CodeIgniter\BaseModel->findAll()
#6 D:\laragon\www\ci-berita-22112010\system\CodeIgniter.php(933): App\Controllers\Berita->index()
#7 D:\laragon\www\ci-berita-22112010\system\CodeIgniter.php(509): CodeIgniter\CodeIgniter->runController(Object(App\Controllers\Berita))
#8 D:\laragon\www\ci-berita-22112010\system\CodeIgniter.php(355): CodeIgniter\CodeIgniter->handleRequest(NULL, Object(Config\Cache), false)
#9 D:\laragon\www\ci-berita-22112010\system\Boot.php(325): CodeIgniter\CodeIgniter->run()
#10 D:\laragon\www\ci-berita-22112010\system\Boot.php(67): CodeIgniter\Boot::runCodeIgniter(Object(CodeIgniter\CodeIgniter))
#11 D:\laragon\www\ci-berita-22112010\public\index.php(56): CodeIgniter\Boot::bootWeb(Object(Config\Paths))
#12 D:\laragon\www\ci-berita-22112010\system\Commands\Server\rewrite.php(49): require_once('D:\\laragon\\www\\...')
#13 {main}
CRITICAL - 2024-06-25 03:44:47 --> CodeIgniter\Database\Exceptions\DatabaseException: Unable to connect to the database.
Main connection [MySQLi]: No connection could be made because the target machine actively refused it
[Method: GET, Route: /]
in SYSTEMPATH\Database\BaseConnection.php on line 467.
 1 SYSTEMPATH\Database\BaseConnection.php(614): CodeIgniter\Database\BaseConnection->initialize()
 2 SYSTEMPATH\Database\BaseBuilder.php(1637): CodeIgniter\Database\BaseConnection->query('SELECT *
FROM `posting`', [], false)
 3 SYSTEMPATH\Model.php(286): CodeIgniter\Database\BaseBuilder->get()
 4 SYSTEMPATH\BaseModel.php(676): CodeIgniter\Model->doFindAll(0, 0)
 5 APPPATH\Controllers\Berita.php(14): CodeIgniter\BaseModel->findAll()
 6 SYSTEMPATH\CodeIgniter.php(933): App\Controllers\Berita->index()
 7 SYSTEMPATH\CodeIgniter.php(509): CodeIgniter\CodeIgniter->runController(Object(App\Controllers\Berita))
 8 SYSTEMPATH\CodeIgniter.php(355): CodeIgniter\CodeIgniter->handleRequest(null, Object(Config\Cache), false)
 9 SYSTEMPATH\Boot.php(325): CodeIgniter\CodeIgniter->run()
10 SYSTEMPATH\Boot.php(67): CodeIgniter\Boot::runCodeIgniter(Object(CodeIgniter\CodeIgniter))
11 FCPATH\index.php(56): CodeIgniter\Boot::bootWeb(Object(Config\Paths))
12 SYSTEMPATH\Commands\Server\rewrite.php(49): require_once('D:\\laragon\\www\\ci-berita-22112010\\public\\index.php')
ERROR - 2024-06-25 03:44:57 --> Error connecting to the database: mysqli_sql_exception: No connection could be made because the target machine actively refused it in D:\laragon\www\ci-berita-22112010\system\Database\MySQLi\Connection.php:187
Stack trace:
#0 D:\laragon\www\ci-berita-22112010\system\Database\MySQLi\Connection.php(187): mysqli->real_connect('localhost', 'root', '', 'db_news', 3306, '', 0)
#1 D:\laragon\www\ci-berita-22112010\system\Database\BaseConnection.php(421): CodeIgniter\Database\MySQLi\Connection->connect(false)
#2 D:\laragon\www\ci-berita-22112010\system\Database\BaseConnection.php(614): CodeIgniter\Database\BaseConnection->initialize()
#3 D:\laragon\www\ci-berita-22112010\system\Database\BaseBuilder.php(1637): CodeIgniter\Database\BaseConnection->query('SELECT *\nFROM `...', Array, false)
#4 D:\laragon\www\ci-berita-22112010\system\Model.php(286): CodeIgniter\Database\BaseBuilder->get()
#5 D:\laragon\www\ci-berita-22112010\system\BaseModel.php(676): CodeIgniter\Model->doFindAll(0, 0)
#6 D:\laragon\www\ci-berita-22112010\app\Controllers\Berita.php(14): CodeIgniter\BaseModel->findAll()
#7 D:\laragon\www\ci-berita-22112010\system\CodeIgniter.php(933): App\Controllers\Berita->index()
#8 D:\laragon\www\ci-berita-22112010\system\CodeIgniter.php(509): CodeIgniter\CodeIgniter->runController(Object(App\Controllers\Berita))
#9 D:\laragon\www\ci-berita-22112010\system\CodeIgniter.php(355): CodeIgniter\CodeIgniter->handleRequest(NULL, Object(Config\Cache), false)
#10 D:\laragon\www\ci-berita-22112010\system\Boot.php(325): CodeIgniter\CodeIgniter->run()
#11 D:\laragon\www\ci-berita-22112010\system\Boot.php(67): CodeIgniter\Boot::runCodeIgniter(Object(CodeIgniter\CodeIgniter))
#12 D:\laragon\www\ci-berita-22112010\public\index.php(56): CodeIgniter\Boot::bootWeb(Object(Config\Paths))
#13 D:\laragon\www\ci-berita-22112010\system\Commands\Server\rewrite.php(49): require_once('D:\\laragon\\www\\...')
#14 {main}

Next CodeIgniter\Database\Exceptions\DatabaseException: No connection could be made because the target machine actively refused it in D:\laragon\www\ci-berita-22112010\system\Database\MySQLi\Connection.php:231
Stack trace:
#0 D:\laragon\www\ci-berita-22112010\system\Database\BaseConnection.php(421): CodeIgniter\Database\MySQLi\Connection->connect(false)
#1 D:\laragon\www\ci-berita-22112010\system\Database\BaseConnection.php(614): CodeIgniter\Database\BaseConnection->initialize()
#2 D:\laragon\www\ci-berita-22112010\system\Database\BaseBuilder.php(1637): CodeIgniter\Database\BaseConnection->query('SELECT *\nFROM `...', Array, false)
#3 D:\laragon\www\ci-berita-22112010\system\Model.php(286): CodeIgniter\Database\BaseBuilder->get()
#4 D:\laragon\www\ci-berita-22112010\system\BaseModel.php(676): CodeIgniter\Model->doFindAll(0, 0)
#5 D:\laragon\www\ci-berita-22112010\app\Controllers\Berita.php(14): CodeIgniter\BaseModel->findAll()
#6 D:\laragon\www\ci-berita-22112010\system\CodeIgniter.php(933): App\Controllers\Berita->index()
#7 D:\laragon\www\ci-berita-22112010\system\CodeIgniter.php(509): CodeIgniter\CodeIgniter->runController(Object(App\Controllers\Berita))
#8 D:\laragon\www\ci-berita-22112010\system\CodeIgniter.php(355): CodeIgniter\CodeIgniter->handleRequest(NULL, Object(Config\Cache), false)
#9 D:\laragon\www\ci-berita-22112010\system\Boot.php(325): CodeIgniter\CodeIgniter->run()
#10 D:\laragon\www\ci-berita-22112010\system\Boot.php(67): CodeIgniter\Boot::runCodeIgniter(Object(CodeIgniter\CodeIgniter))
#11 D:\laragon\www\ci-berita-22112010\public\index.php(56): CodeIgniter\Boot::bootWeb(Object(Config\Paths))
#12 D:\laragon\www\ci-berita-22112010\system\Commands\Server\rewrite.php(49): require_once('D:\\laragon\\www\\...')
#13 {main}
CRITICAL - 2024-06-25 03:44:57 --> CodeIgniter\Database\Exceptions\DatabaseException: Unable to connect to the database.
Main connection [MySQLi]: No connection could be made because the target machine actively refused it
[Method: GET, Route: /]
in SYSTEMPATH\Database\BaseConnection.php on line 467.
 1 SYSTEMPATH\Database\BaseConnection.php(614): CodeIgniter\Database\BaseConnection->initialize()
 2 SYSTEMPATH\Database\BaseBuilder.php(1637): CodeIgniter\Database\BaseConnection->query('SELECT *
FROM `posting`', [], false)
 3 SYSTEMPATH\Model.php(286): CodeIgniter\Database\BaseBuilder->get()
 4 SYSTEMPATH\BaseModel.php(676): CodeIgniter\Model->doFindAll(0, 0)
 5 APPPATH\Controllers\Berita.php(14): CodeIgniter\BaseModel->findAll()
 6 SYSTEMPATH\CodeIgniter.php(933): App\Controllers\Berita->index()
 7 SYSTEMPATH\CodeIgniter.php(509): CodeIgniter\CodeIgniter->runController(Object(App\Controllers\Berita))
 8 SYSTEMPATH\CodeIgniter.php(355): CodeIgniter\CodeIgniter->handleRequest(null, Object(Config\Cache), false)
 9 SYSTEMPATH\Boot.php(325): CodeIgniter\CodeIgniter->run()
10 SYSTEMPATH\Boot.php(67): CodeIgniter\Boot::runCodeIgniter(Object(CodeIgniter\CodeIgniter))
11 FCPATH\index.php(56): CodeIgniter\Boot::bootWeb(Object(Config\Paths))
12 SYSTEMPATH\Commands\Server\rewrite.php(49): require_once('D:\\laragon\\www\\ci-berita-22112010\\public\\index.php')
ERROR - 2024-06-25 04:52:02 --> mysqli_sql_exception: Column 'judul' cannot be null in D:\laragon\www\ci-berita-22112010\system\Database\MySQLi\Connection.php:310
Stack trace:
#0 D:\laragon\www\ci-berita-22112010\system\Database\MySQLi\Connection.php(310): mysqli->query('INSERT INTO `po...', 0)
#1 D:\laragon\www\ci-berita-22112010\system\Database\BaseConnection.php(732): CodeIgniter\Database\MySQLi\Connection->execute('INSERT INTO `po...')
#2 D:\laragon\www\ci-berita-22112010\system\Database\BaseConnection.php(646): CodeIgniter\Database\BaseConnection->simpleQuery('INSERT INTO `po...')
#3 D:\laragon\www\ci-berita-22112010\system\Database\BaseBuilder.php(2333): CodeIgniter\Database\BaseConnection->query('INSERT INTO `po...', Array, false)
#4 D:\laragon\www\ci-berita-22112010\system\Model.php(394): CodeIgniter\Database\BaseBuilder->insert()
#5 D:\laragon\www\ci-berita-22112010\system\BaseModel.php(840): CodeIgniter\Model->doInsert(Array)
#6 D:\laragon\www\ci-berita-22112010\system\Model.php(802): CodeIgniter\BaseModel->insert(Array, true)
#7 D:\laragon\www\ci-berita-22112010\app\Controllers\Berita.php(46): CodeIgniter\Model->insert(Array)
#8 D:\laragon\www\ci-berita-22112010\system\CodeIgniter.php(933): App\Controllers\Berita->create()
#9 D:\laragon\www\ci-berita-22112010\system\CodeIgniter.php(509): CodeIgniter\CodeIgniter->runController(Object(App\Controllers\Berita))
#10 D:\laragon\www\ci-berita-22112010\system\CodeIgniter.php(355): CodeIgniter\CodeIgniter->handleRequest(NULL, Object(Config\Cache), false)
#11 D:\laragon\www\ci-berita-22112010\system\Boot.php(325): CodeIgniter\CodeIgniter->run()
#12 D:\laragon\www\ci-berita-22112010\system\Boot.php(67): CodeIgniter\Boot::runCodeIgniter(Object(CodeIgniter\CodeIgniter))
#13 D:\laragon\www\ci-berita-22112010\public\index.php(56): CodeIgniter\Boot::bootWeb(Object(Config\Paths))
#14 D:\laragon\www\ci-berita-22112010\system\Commands\Server\rewrite.php(49): require_once('D:\\laragon\\www\\...')
#15 {main}
CRITICAL - 2024-06-25 04:52:02 --> CodeIgniter\Database\Exceptions\DatabaseException: Column 'judul' cannot be null
[Method: GET, Route: berita/create]
in SYSTEMPATH\Database\BaseConnection.php on line 686.
 1 SYSTEMPATH\Database\BaseBuilder.php(2333): CodeIgniter\Database\BaseConnection->query('INSERT INTO `posting` (`judul`, `isi`, `gambar`) VALUES (:judul:, :isi:, :gambar:)', [...], false)
 2 SYSTEMPATH\Model.php(394): CodeIgniter\Database\BaseBuilder->insert()
 3 SYSTEMPATH\BaseModel.php(840): CodeIgniter\Model->doInsert([...])
 4 SYSTEMPATH\Model.php(802): CodeIgniter\BaseModel->insert([...], true)
 5 APPPATH\Controllers\Berita.php(46): CodeIgniter\Model->insert([...])
 6 SYSTEMPATH\CodeIgniter.php(933): App\Controllers\Berita->create()
 7 SYSTEMPATH\CodeIgniter.php(509): CodeIgniter\CodeIgniter->runController(Object(App\Controllers\Berita))
 8 SYSTEMPATH\CodeIgniter.php(355): CodeIgniter\CodeIgniter->handleRequest(null, Object(Config\Cache), false)
 9 SYSTEMPATH\Boot.php(325): CodeIgniter\CodeIgniter->run()
10 SYSTEMPATH\Boot.php(67): CodeIgniter\Boot::runCodeIgniter(Object(CodeIgniter\CodeIgniter))
11 FCPATH\index.php(56): CodeIgniter\Boot::bootWeb(Object(Config\Paths))
12 SYSTEMPATH\Commands\Server\rewrite.php(49): require_once('D:\\laragon\\www\\ci-berita-22112010\\public\\index.php')
CRITICAL - 2024-06-25 04:52:02 --> [Caused by] CodeIgniter\Database\Exceptions\DatabaseException: Column 'judul' cannot be null
in SYSTEMPATH\Database\MySQLi\Connection.php on line 315.
 1 SYSTEMPATH\Database\BaseConnection.php(732): CodeIgniter\Database\MySQLi\Connection->execute('INSERT INTO `posting` (`judul`, `isi`, `gambar`) VALUES (NULL, NULL, NULL)')
 2 SYSTEMPATH\Database\BaseConnection.php(646): CodeIgniter\Database\BaseConnection->simpleQuery('INSERT INTO `posting` (`judul`, `isi`, `gambar`) VALUES (NULL, NULL, NULL)')
 3 SYSTEMPATH\Database\BaseBuilder.php(2333): CodeIgniter\Database\BaseConnection->query('INSERT INTO `posting` (`judul`, `isi`, `gambar`) VALUES (:judul:, :isi:, :gambar:)', [...], false)
 4 SYSTEMPATH\Model.php(394): CodeIgniter\Database\BaseBuilder->insert()
 5 SYSTEMPATH\BaseModel.php(840): CodeIgniter\Model->doInsert([...])
 6 SYSTEMPATH\Model.php(802): CodeIgniter\BaseModel->insert([...], true)
 7 APPPATH\Controllers\Berita.php(46): CodeIgniter\Model->insert([...])
 8 SYSTEMPATH\CodeIgniter.php(933): App\Controllers\Berita->create()
 9 SYSTEMPATH\CodeIgniter.php(509): CodeIgniter\CodeIgniter->runController(Object(App\Controllers\Berita))
10 SYSTEMPATH\CodeIgniter.php(355): CodeIgniter\CodeIgniter->handleRequest(null, Object(Config\Cache), false)
11 SYSTEMPATH\Boot.php(325): CodeIgniter\CodeIgniter->run()
12 SYSTEMPATH\Boot.php(67): CodeIgniter\Boot::runCodeIgniter(Object(CodeIgniter\CodeIgniter))
13 FCPATH\index.php(56): CodeIgniter\Boot::bootWeb(Object(Config\Paths))
14 SYSTEMPATH\Commands\Server\rewrite.php(49): require_once('D:\\laragon\\www\\ci-berita-22112010\\public\\index.php')
CRITICAL - 2024-06-25 04:52:02 --> [Caused by] mysqli_sql_exception: Column 'judul' cannot be null
in SYSTEMPATH\Database\MySQLi\Connection.php on line 310.
 1 SYSTEMPATH\Database\MySQLi\Connection.php(310): mysqli->query('INSERT INTO `posting` (`judul`, `isi`, `gambar`) VALUES (NULL, NULL, NULL)', 0)
 2 SYSTEMPATH\Database\BaseConnection.php(732): CodeIgniter\Database\MySQLi\Connection->execute('INSERT INTO `posting` (`judul`, `isi`, `gambar`) VALUES (NULL, NULL, NULL)')
 3 SYSTEMPATH\Database\BaseConnection.php(646): CodeIgniter\Database\BaseConnection->simpleQuery('INSERT INTO `posting` (`judul`, `isi`, `gambar`) VALUES (NULL, NULL, NULL)')
 4 SYSTEMPATH\Database\BaseBuilder.php(2333): CodeIgniter\Database\BaseConnection->query('INSERT INTO `posting` (`judul`, `isi`, `gambar`) VALUES (:judul:, :isi:, :gambar:)', [...], false)
 5 SYSTEMPATH\Model.php(394): CodeIgniter\Database\BaseBuilder->insert()
 6 SYSTEMPATH\BaseModel.php(840): CodeIgniter\Model->doInsert([...])
 7 SYSTEMPATH\Model.php(802): CodeIgniter\BaseModel->insert([...], true)
 8 APPPATH\Controllers\Berita.php(46): CodeIgniter\Model->insert([...])
 9 SYSTEMPATH\CodeIgniter.php(933): App\Controllers\Berita->create()
10 SYSTEMPATH\CodeIgniter.php(509): CodeIgniter\CodeIgniter->runController(Object(App\Controllers\Berita))
11 SYSTEMPATH\CodeIgniter.php(355): CodeIgniter\CodeIgniter->handleRequest(null, Object(Config\Cache), false)
12 SYSTEMPATH\Boot.php(325): CodeIgniter\CodeIgniter->run()
13 SYSTEMPATH\Boot.php(67): CodeIgniter\Boot::runCodeIgniter(Object(CodeIgniter\CodeIgniter))
14 FCPATH\index.php(56): CodeIgniter\Boot::bootWeb(Object(Config\Paths))
15 SYSTEMPATH\Commands\Server\rewrite.php(49): require_once('D:\\laragon\\www\\ci-berita-22112010\\public\\index.php')
ERROR - 2024-06-25 04:52:21 --> mysqli_sql_exception: Column 'judul' cannot be null in D:\laragon\www\ci-berita-22112010\system\Database\MySQLi\Connection.php:310
Stack trace:
#0 D:\laragon\www\ci-berita-22112010\system\Database\MySQLi\Connection.php(310): mysqli->query('INSERT INTO `po...', 0)
#1 D:\laragon\www\ci-berita-22112010\system\Database\BaseConnection.php(732): CodeIgniter\Database\MySQLi\Connection->execute('INSERT INTO `po...')
#2 D:\laragon\www\ci-berita-22112010\system\Database\BaseConnection.php(646): CodeIgniter\Database\BaseConnection->simpleQuery('INSERT INTO `po...')
#3 D:\laragon\www\ci-berita-22112010\system\Database\BaseBuilder.php(2333): CodeIgniter\Database\BaseConnection->query('INSERT INTO `po...', Array, false)
#4 D:\laragon\www\ci-berita-22112010\system\Model.php(394): CodeIgniter\Database\BaseBuilder->insert()
#5 D:\laragon\www\ci-berita-22112010\system\BaseModel.php(840): CodeIgniter\Model->doInsert(Array)
#6 D:\laragon\www\ci-berita-22112010\system\Model.php(802): CodeIgniter\BaseModel->insert(Array, true)
#7 D:\laragon\www\ci-berita-22112010\app\Controllers\Berita.php(46): CodeIgniter\Model->insert(Array)
#8 D:\laragon\www\ci-berita-22112010\system\CodeIgniter.php(933): App\Controllers\Berita->create()
#9 D:\laragon\www\ci-berita-22112010\system\CodeIgniter.php(509): CodeIgniter\CodeIgniter->runController(Object(App\Controllers\Berita))
#10 D:\laragon\www\ci-berita-22112010\system\CodeIgniter.php(355): CodeIgniter\CodeIgniter->handleRequest(NULL, Object(Config\Cache), false)
#11 D:\laragon\www\ci-berita-22112010\system\Boot.php(325): CodeIgniter\CodeIgniter->run()
#12 D:\laragon\www\ci-berita-22112010\system\Boot.php(67): CodeIgniter\Boot::runCodeIgniter(Object(CodeIgniter\CodeIgniter))
#13 D:\laragon\www\ci-berita-22112010\public\index.php(56): CodeIgniter\Boot::bootWeb(Object(Config\Paths))
#14 D:\laragon\www\ci-berita-22112010\system\Commands\Server\rewrite.php(49): require_once('D:\\laragon\\www\\...')
#15 {main}
CRITICAL - 2024-06-25 04:52:21 --> CodeIgniter\Database\Exceptions\DatabaseException: Column 'judul' cannot be null
[Method: GET, Route: berita/create]
in SYSTEMPATH\Database\BaseConnection.php on line 686.
 1 SYSTEMPATH\Database\BaseBuilder.php(2333): CodeIgniter\Database\BaseConnection->query('INSERT INTO `posting` (`judul`, `isi`, `gambar`) VALUES (:judul:, :isi:, :gambar:)', [...], false)
 2 SYSTEMPATH\Model.php(394): CodeIgniter\Database\BaseBuilder->insert()
 3 SYSTEMPATH\BaseModel.php(840): CodeIgniter\Model->doInsert([...])
 4 SYSTEMPATH\Model.php(802): CodeIgniter\BaseModel->insert([...], true)
 5 APPPATH\Controllers\Berita.php(46): CodeIgniter\Model->insert([...])
 6 SYSTEMPATH\CodeIgniter.php(933): App\Controllers\Berita->create()
 7 SYSTEMPATH\CodeIgniter.php(509): CodeIgniter\CodeIgniter->runController(Object(App\Controllers\Berita))
 8 SYSTEMPATH\CodeIgniter.php(355): CodeIgniter\CodeIgniter->handleRequest(null, Object(Config\Cache), false)
 9 SYSTEMPATH\Boot.php(325): CodeIgniter\CodeIgniter->run()
10 SYSTEMPATH\Boot.php(67): CodeIgniter\Boot::runCodeIgniter(Object(CodeIgniter\CodeIgniter))
11 FCPATH\index.php(56): CodeIgniter\Boot::bootWeb(Object(Config\Paths))
12 SYSTEMPATH\Commands\Server\rewrite.php(49): require_once('D:\\laragon\\www\\ci-berita-22112010\\public\\index.php')
CRITICAL - 2024-06-25 04:52:21 --> [Caused by] CodeIgniter\Database\Exceptions\DatabaseException: Column 'judul' cannot be null
in SYSTEMPATH\Database\MySQLi\Connection.php on line 315.
 1 SYSTEMPATH\Database\BaseConnection.php(732): CodeIgniter\Database\MySQLi\Connection->execute('INSERT INTO `posting` (`judul`, `isi`, `gambar`) VALUES (NULL, NULL, NULL)')
 2 SYSTEMPATH\Database\BaseConnection.php(646): CodeIgniter\Database\BaseConnection->simpleQuery('INSERT INTO `posting` (`judul`, `isi`, `gambar`) VALUES (NULL, NULL, NULL)')
 3 SYSTEMPATH\Database\BaseBuilder.php(2333): CodeIgniter\Database\BaseConnection->query('INSERT INTO `posting` (`judul`, `isi`, `gambar`) VALUES (:judul:, :isi:, :gambar:)', [...], false)
 4 SYSTEMPATH\Model.php(394): CodeIgniter\Database\BaseBuilder->insert()
 5 SYSTEMPATH\BaseModel.php(840): CodeIgniter\Model->doInsert([...])
 6 SYSTEMPATH\Model.php(802): CodeIgniter\BaseModel->insert([...], true)
 7 APPPATH\Controllers\Berita.php(46): CodeIgniter\Model->insert([...])
 8 SYSTEMPATH\CodeIgniter.php(933): App\Controllers\Berita->create()
 9 SYSTEMPATH\CodeIgniter.php(509): CodeIgniter\CodeIgniter->runController(Object(App\Controllers\Berita))
10 SYSTEMPATH\CodeIgniter.php(355): CodeIgniter\CodeIgniter->handleRequest(null, Object(Config\Cache), false)
11 SYSTEMPATH\Boot.php(325): CodeIgniter\CodeIgniter->run()
12 SYSTEMPATH\Boot.php(67): CodeIgniter\Boot::runCodeIgniter(Object(CodeIgniter\CodeIgniter))
13 FCPATH\index.php(56): CodeIgniter\Boot::bootWeb(Object(Config\Paths))
14 SYSTEMPATH\Commands\Server\rewrite.php(49): require_once('D:\\laragon\\www\\ci-berita-22112010\\public\\index.php')
CRITICAL - 2024-06-25 04:52:21 --> [Caused by] mysqli_sql_exception: Column 'judul' cannot be null
in SYSTEMPATH\Database\MySQLi\Connection.php on line 310.
 1 SYSTEMPATH\Database\MySQLi\Connection.php(310): mysqli->query('INSERT INTO `posting` (`judul`, `isi`, `gambar`) VALUES (NULL, NULL, NULL)', 0)
 2 SYSTEMPATH\Database\BaseConnection.php(732): CodeIgniter\Database\MySQLi\Connection->execute('INSERT INTO `posting` (`judul`, `isi`, `gambar`) VALUES (NULL, NULL, NULL)')
 3 SYSTEMPATH\Database\BaseConnection.php(646): CodeIgniter\Database\BaseConnection->simpleQuery('INSERT INTO `posting` (`judul`, `isi`, `gambar`) VALUES (NULL, NULL, NULL)')
 4 SYSTEMPATH\Database\BaseBuilder.php(2333): CodeIgniter\Database\BaseConnection->query('INSERT INTO `posting` (`judul`, `isi`, `gambar`) VALUES (:judul:, :isi:, :gambar:)', [...], false)
 5 SYSTEMPATH\Model.php(394): CodeIgniter\Database\BaseBuilder->insert()
 6 SYSTEMPATH\BaseModel.php(840): CodeIgniter\Model->doInsert([...])
 7 SYSTEMPATH\Model.php(802): CodeIgniter\BaseModel->insert([...], true)
 8 APPPATH\Controllers\Berita.php(46): CodeIgniter\Model->insert([...])
 9 SYSTEMPATH\CodeIgniter.php(933): App\Controllers\Berita->create()
10 SYSTEMPATH\CodeIgniter.php(509): CodeIgniter\CodeIgniter->runController(Object(App\Controllers\Berita))
11 SYSTEMPATH\CodeIgniter.php(355): CodeIgniter\CodeIgniter->handleRequest(null, Object(Config\Cache), false)
12 SYSTEMPATH\Boot.php(325): CodeIgniter\CodeIgniter->run()
13 SYSTEMPATH\Boot.php(67): CodeIgniter\Boot::runCodeIgniter(Object(CodeIgniter\CodeIgniter))
14 FCPATH\index.php(56): CodeIgniter\Boot::bootWeb(Object(Config\Paths))
15 SYSTEMPATH\Commands\Server\rewrite.php(49): require_once('D:\\laragon\\www\\ci-berita-22112010\\public\\index.php')
DEBUG - 2024-06-25 04:57:46 --> Data yang akan disimpan: {"judul":"indra seorang begal","isi":"indra suka jamsut ternyata adalah begal di sekitar perumahan sidoarjo","gambar":"ww"}
DEBUG - 2024-06-25 05:10:13 --> Data yang ditemukan: {"id":"3","judul":"indra seorang begal","isi":"indra suka jamsut ternyata adalah begal di sekitar perumahan sidoarjo","gambar":"ww"}
DEBUG - 2024-06-25 05:14:03 --> Data yang ditemukan: {"id":"3","judul":"indra seorang begal","isi":"indra suka jamsut ternyata adalah begal di sekitar perumahan sidoarjo","gambar":"ww"}
DEBUG - 2024-06-25 05:14:39 --> Data yang ditemukan: {"id":"3","judul":"indra seorang begal","isi":"indra suka jamsut ternyata adalah begal di sekitar perumahan sidoarjo","gambar":"ww"}
DEBUG - 2024-06-25 05:14:43 --> Data yang ditemukan: {"id":"1","judul":"Belajar CI","isi":"tes","gambar":"1.jpg"}
DEBUG - 2024-06-25 05:17:47 --> Data yang ditemukan: {"id":"1","judul":"Belajar CI","isi":"tes","gambar":"1.jpg"}
DEBUG - 2024-06-25 05:17:51 --> Data yang ditemukan: {"id":"1","judul":"Belajar CI","isi":"tes","gambar":"1.jpg"}
DEBUG - 2024-06-25 05:17:59 --> Data yang akan diperbarui: {"judul":"Belajar C++","isi":"waw","gambar":"1.jpg"}
DEBUG - 2024-06-25 05:37:43 --> Data yang akan disimpan: {"judul":"udin","isi":"udin suka terbang","gambar":"ww"}
DEBUG - 2024-06-25 05:37:53 --> Data yang ditemukan: {"id":"4","judul":"udin","isi":"udin suka terbang","gambar":"ww"}
